<?xml version="1.0" encoding="UTF-8"?>
<!-- Generated by org.testng.reporters.JUnitReportReporter -->
<testsuite skipped="33" hostname="AEZIONDEV10" name="CBLwebAutomation.CBLTest" tests="36" failures="0" timestamp="12 Feb 2018 10:05:35 GMT" time="85.127" errors="2">
  <testcase name="Logout" time="39.422" classname="CBLwebAutomation.CBLTest">
    <error type="org.openqa.selenium.ElementNotInteractableException" message="
Build info: version: &#039;3.7.1&#039;, revision: &#039;8a0099a&#039;, time: &#039;2017-11-06T21:01:39.354Z&#039;
System info: host: &#039;AEZIONDEV10&#039;, ip: &#039;192.168.30.83&#039;, os.name: &#039;Windows 8.1&#039;, os.arch: &#039;amd64&#039;, os.version: &#039;6.3&#039;, java.version: &#039;1.8.0_121&#039;
Driver info: org.openqa.selenium.firefox.FirefoxDriver
Capabilities {acceptInsecureCerts: true, browserName: firefox, browserVersion: 57.0, javascriptEnabled: true, moz:accessibilityChecks: false, moz:headless: false, moz:processID: 10880, moz:profile: C:\Users\Aezion.Dev10\AppDa..., moz:webdriverClick: false, pageLoadStrategy: normal, platform: XP, platformName: XP, platformVersion: 6.3, rotatable: false, timeouts: {implicit: 0, pageLoad: 300000, script: 30000}}
Session ID: 8fda426d-fe81-4c7d-9937-6ccd82a756f8">
      <![CDATA[org.openqa.selenium.ElementNotInteractableException: Build info: version: '3.7.1', revision: '8a0099a', time: '2017-11-06T21:01:39.354Z'System info: host: 'AEZIONDEV10', ip: '192.168.30.83', os.name: 'Windows 8.1', os.arch: 'amd64', os.version: '6.3', java.version: '1.8.0_121'Driver info: org.openqa.selenium.firefox.FirefoxDriverCapabilities {acceptInsecureCerts: true, browserName: firefox, browserVersion: 57.0, javascriptEnabled: true, moz:accessibilityChecks: false, moz:headless: false, moz:processID: 10880, moz:profile: C:\Users\Aezion.Dev10\AppDa..., moz:webdriverClick: false, pageLoadStrategy: normal, platform: XP, platformName: XP, platformVersion: 6.3, rotatable: false, timeouts: {implicit: 0, pageLoad: 300000, script: 30000}}Session ID: 8fda426d-fe81-4c7d-9937-6ccd82a756f8at sun.reflect.NativeConstructorAccessorImpl.newInstance0(Native Method)at sun.reflect.NativeConstructorAccessorImpl.newInstance(Unknown Source)at sun.reflect.DelegatingConstructorAccessorImpl.newInstance(Unknown Source)at java.lang.reflect.Constructor.newInstance(Unknown Source)at org.openqa.selenium.remote.http.W3CHttpResponseCodec.createException(W3CHttpResponseCodec.java:187)at org.openqa.selenium.remote.http.W3CHttpResponseCodec.decode(W3CHttpResponseCodec.java:122)at org.openqa.selenium.remote.http.W3CHttpResponseCodec.decode(W3CHttpResponseCodec.java:49)at org.openqa.selenium.remote.HttpCommandExecutor.execute(HttpCommandExecutor.java:164)at org.openqa.selenium.remote.service.DriverCommandExecutor.execute(DriverCommandExecutor.java:83)at org.openqa.selenium.remote.RemoteWebDriver.execute(RemoteWebDriver.java:600)at org.openqa.selenium.remote.RemoteWebElement.execute(RemoteWebElement.java:279)at org.openqa.selenium.remote.RemoteWebElement.click(RemoteWebElement.java:83)at CBLwebAutomation.CBLTest.Logout(CBLTest.java:931)at sun.reflect.NativeMethodAccessorImpl.invoke0(Native Method)at sun.reflect.NativeMethodAccessorImpl.invoke(Unknown Source)at sun.reflect.DelegatingMethodAccessorImpl.invoke(Unknown Source)at java.lang.reflect.Method.invoke(Unknown Source)at org.testng.internal.MethodInvocationHelper.invokeMethod(MethodInvocationHelper.java:124)at org.testng.internal.MethodInvocationHelper.invokeMethodConsideringTimeout(MethodInvocationHelper.java:59)at org.testng.internal.Invoker.invokeConfigurationMethod(Invoker.java:451)at org.testng.internal.Invoker.invokeConfigurations(Invoker.java:222)at org.testng.internal.Invoker.invokeMethod(Invoker.java:634)at org.testng.internal.Invoker.invokeTestMethod(Invoker.java:707)at org.testng.internal.Invoker.invokeTestMethods(Invoker.java:979)at org.testng.internal.TestMethodWorker.invokeTestMethods(TestMethodWorker.java:125)at org.testng.internal.TestMethodWorker.run(TestMethodWorker.java:109)at org.testng.TestRunner.privateRun(TestRunner.java:648)at org.testng.TestRunner.run(TestRunner.java:505)at org.testng.SuiteRunner.runTest(SuiteRunner.java:455)at org.testng.SuiteRunner.runSequentially(SuiteRunner.java:450)at org.testng.SuiteRunner.privateRun(SuiteRunner.java:415)at org.testng.SuiteRunner.run(SuiteRunner.java:364)at org.testng.SuiteRunnerWorker.runSuite(SuiteRunnerWorker.java:52)at org.testng.SuiteRunnerWorker.run(SuiteRunnerWorker.java:84)at org.testng.TestNG.runSuitesSequentially(TestNG.java:1187)at org.testng.TestNG.runSuitesLocally(TestNG.java:1116)at org.testng.TestNG.runSuites(TestNG.java:1028)at org.testng.TestNG.run(TestNG.java:996)at org.testng.remote.AbstractRemoteTestNG.run(AbstractRemoteTestNG.java:114)at org.testng.remote.RemoteTestNG.initAndRun(RemoteTestNG.java:251)at org.testng.remote.RemoteTestNG.main(RemoteTestNG.java:77)]]>
    </error>
  </testcase> <!-- Logout -->
  <testcase name="BuisnessSearch" time="10.567" classname="CBLwebAutomation.CBLTest"/>
  <testcase name="AddnewBusiness" time="35.138" classname="CBLwebAutomation.CBLTest">
    <error type="org.openqa.selenium.ElementNotInteractableException" message="Element is not visible
Build info: version: &#039;3.7.1&#039;, revision: &#039;8a0099a&#039;, time: &#039;2017-11-06T21:01:39.354Z&#039;
System info: host: &#039;AEZIONDEV10&#039;, ip: &#039;192.168.30.83&#039;, os.name: &#039;Windows 8.1&#039;, os.arch: &#039;amd64&#039;, os.version: &#039;6.3&#039;, java.version: &#039;1.8.0_121&#039;
Driver info: org.openqa.selenium.firefox.FirefoxDriver
Capabilities {acceptInsecureCerts: true, browserName: firefox, browserVersion: 57.0, javascriptEnabled: true, moz:accessibilityChecks: false, moz:headless: false, moz:processID: 10880, moz:profile: C:\Users\Aezion.Dev10\AppDa..., moz:webdriverClick: false, pageLoadStrategy: normal, platform: XP, platformName: XP, platformVersion: 6.3, rotatable: false, timeouts: {implicit: 0, pageLoad: 300000, script: 30000}}
Session ID: 8fda426d-fe81-4c7d-9937-6ccd82a756f8">
      <![CDATA[org.openqa.selenium.ElementNotInteractableException: Element is not visibleBuild info: version: '3.7.1', revision: '8a0099a', time: '2017-11-06T21:01:39.354Z'System info: host: 'AEZIONDEV10', ip: '192.168.30.83', os.name: 'Windows 8.1', os.arch: 'amd64', os.version: '6.3', java.version: '1.8.0_121'Driver info: org.openqa.selenium.firefox.FirefoxDriverCapabilities {acceptInsecureCerts: true, browserName: firefox, browserVersion: 57.0, javascriptEnabled: true, moz:accessibilityChecks: false, moz:headless: false, moz:processID: 10880, moz:profile: C:\Users\Aezion.Dev10\AppDa..., moz:webdriverClick: false, pageLoadStrategy: normal, platform: XP, platformName: XP, platformVersion: 6.3, rotatable: false, timeouts: {implicit: 0, pageLoad: 300000, script: 30000}}Session ID: 8fda426d-fe81-4c7d-9937-6ccd82a756f8at sun.reflect.NativeConstructorAccessorImpl.newInstance0(Native Method)at sun.reflect.NativeConstructorAccessorImpl.newInstance(Unknown Source)at sun.reflect.DelegatingConstructorAccessorImpl.newInstance(Unknown Source)at java.lang.reflect.Constructor.newInstance(Unknown Source)at org.openqa.selenium.remote.http.W3CHttpResponseCodec.createException(W3CHttpResponseCodec.java:187)at org.openqa.selenium.remote.http.W3CHttpResponseCodec.decode(W3CHttpResponseCodec.java:122)at org.openqa.selenium.remote.http.W3CHttpResponseCodec.decode(W3CHttpResponseCodec.java:49)at org.openqa.selenium.remote.HttpCommandExecutor.execute(HttpCommandExecutor.java:164)at org.openqa.selenium.remote.service.DriverCommandExecutor.execute(DriverCommandExecutor.java:83)at org.openqa.selenium.remote.RemoteWebDriver.execute(RemoteWebDriver.java:600)at org.openqa.selenium.remote.RemoteWebElement.execute(RemoteWebElement.java:279)at org.openqa.selenium.remote.RemoteWebElement.sendKeys(RemoteWebElement.java:100)at CBLwebAutomation.CBLTest.AddnewBusiness(CBLTest.java:137)at sun.reflect.NativeMethodAccessorImpl.invoke0(Native Method)at sun.reflect.NativeMethodAccessorImpl.invoke(Unknown Source)at sun.reflect.DelegatingMethodAccessorImpl.invoke(Unknown Source)at java.lang.reflect.Method.invoke(Unknown Source)at org.testng.internal.MethodInvocationHelper.invokeMethod(MethodInvocationHelper.java:124)at org.testng.internal.Invoker.invokeMethod(Invoker.java:571)at org.testng.internal.Invoker.invokeTestMethod(Invoker.java:707)at org.testng.internal.Invoker.invokeTestMethods(Invoker.java:979)at org.testng.internal.TestMethodWorker.invokeTestMethods(TestMethodWorker.java:125)at org.testng.internal.TestMethodWorker.run(TestMethodWorker.java:109)at org.testng.TestRunner.privateRun(TestRunner.java:648)at org.testng.TestRunner.run(TestRunner.java:505)at org.testng.SuiteRunner.runTest(SuiteRunner.java:455)at org.testng.SuiteRunner.runSequentially(SuiteRunner.java:450)at org.testng.SuiteRunner.privateRun(SuiteRunner.java:415)at org.testng.SuiteRunner.run(SuiteRunner.java:364)at org.testng.SuiteRunnerWorker.runSuite(SuiteRunnerWorker.java:52)at org.testng.SuiteRunnerWorker.run(SuiteRunnerWorker.java:84)at org.testng.TestNG.runSuitesSequentially(TestNG.java:1187)at org.testng.TestNG.runSuitesLocally(TestNG.java:1116)at org.testng.TestNG.runSuites(TestNG.java:1028)at org.testng.TestNG.run(TestNG.java:996)at org.testng.remote.AbstractRemoteTestNG.run(AbstractRemoteTestNG.java:114)at org.testng.remote.RemoteTestNG.initAndRun(RemoteTestNG.java:251)at org.testng.remote.RemoteTestNG.main(RemoteTestNG.java:77)]]>
    </error>
  </testcase> <!-- AddnewBusiness -->
  <testcase name="BusinessEdit" time="0.000" classname="CBLwebAutomation.CBLTest">
    <skipped/>
  </testcase> <!-- BusinessEdit -->
  <testcase name="BusinessDel" time="0.000" classname="CBLwebAutomation.CBLTest">
    <skipped/>
  </testcase> <!-- BusinessDel -->
  <testcase name="CreateBusinessADDButton" time="0.000" classname="CBLwebAutomation.CBLTest">
    <skipped/>
  </testcase> <!-- CreateBusinessADDButton -->
  <testcase name="PhoneNoBoundaryValues" time="0.000" classname="CBLwebAutomation.CBLTest">
    <skipped/>
  </testcase> <!-- PhoneNoBoundaryValues -->
  <testcase name="AcceptingDuplicateEmailid" time="0.000" classname="CBLwebAutomation.CBLTest">
    <skipped/>
  </testcase> <!-- AcceptingDuplicateEmailid -->
  <testcase name="Faxvalidation" time="0.000" classname="CBLwebAutomation.CBLTest">
    <skipped/>
  </testcase> <!-- Faxvalidation -->
  <testcase name="BuisnameValidation" time="0.000" classname="CBLwebAutomation.CBLTest">
    <skipped/>
  </testcase> <!-- BuisnameValidation -->
  <testcase name="ShowingDoublePromos" time="0.000" classname="CBLwebAutomation.CBLTest">
    <skipped/>
  </testcase> <!-- ShowingDoublePromos -->
  <testcase name="AddnewChurch" time="0.000" classname="CBLwebAutomation.CBLTest">
    <skipped/>
  </testcase> <!-- AddnewChurch -->
  <testcase name="EditChurch" time="0.000" classname="CBLwebAutomation.CBLTest">
    <skipped/>
  </testcase> <!-- EditChurch -->
  <testcase name="DelChurch" time="0.000" classname="CBLwebAutomation.CBLTest">
    <skipped/>
  </testcase> <!-- DelChurch -->
  <testcase name="CreateEvennt" time="0.000" classname="CBLwebAutomation.CBLTest">
    <skipped/>
  </testcase> <!-- CreateEvennt -->
  <testcase name="EditEvennt" time="0.000" classname="CBLwebAutomation.CBLTest">
    <skipped/>
  </testcase> <!-- EditEvennt -->
  <testcase name="DelEvennt" time="0.000" classname="CBLwebAutomation.CBLTest">
    <skipped/>
  </testcase> <!-- DelEvennt -->
  <testcase name="Enddateshouldbegreaterthanstartdate" time="0.000" classname="CBLwebAutomation.CBLTest">
    <skipped/>
  </testcase> <!-- Enddateshouldbegreaterthanstartdate -->
  <testcase name="Endtimeshouldbegreaterthanstarttimeonsameday" time="0.000" classname="CBLwebAutomation.CBLTest">
    <skipped/>
  </testcase> <!-- Endtimeshouldbegreaterthanstarttimeonsameday -->
  <testcase name="CreateJob" time="0.000" classname="CBLwebAutomation.CBLTest">
    <skipped/>
  </testcase> <!-- CreateJob -->
  <testcase name="EditJob" time="0.000" classname="CBLwebAutomation.CBLTest">
    <skipped/>
  </testcase> <!-- EditJob -->
  <testcase name="DelJob" time="0.000" classname="CBLwebAutomation.CBLTest">
    <skipped/>
  </testcase> <!-- DelJob -->
  <testcase name="Salaryvalidation" time="0.000" classname="CBLwebAutomation.CBLTest">
    <skipped/>
  </testcase> <!-- Salaryvalidation -->
  <testcase name="QualificationEditorCancelbutton" time="0.000" classname="CBLwebAutomation.CBLTest">
    <skipped/>
  </testcase> <!-- QualificationEditorCancelbutton -->
  <testcase name="SearchUser" time="0.000" classname="CBLwebAutomation.CBLTest">
    <skipped/>
  </testcase> <!-- SearchUser -->
  <testcase name="ActivateUser" time="0.000" classname="CBLwebAutomation.CBLTest">
    <skipped/>
  </testcase> <!-- ActivateUser -->
  <testcase name="DeActivateUser" time="0.000" classname="CBLwebAutomation.CBLTest">
    <skipped/>
  </testcase> <!-- DeActivateUser -->
  <testcase name="BuisnessaddCategory" time="0.000" classname="CBLwebAutomation.CBLTest">
    <skipped/>
  </testcase> <!-- BuisnessaddCategory -->
  <testcase name="BuisnessupdateCategory" time="0.000" classname="CBLwebAutomation.CBLTest">
    <skipped/>
  </testcase> <!-- BuisnessupdateCategory -->
  <testcase name="BuisnessDelCategory" time="0.000" classname="CBLwebAutomation.CBLTest">
    <skipped/>
  </testcase> <!-- BuisnessDelCategory -->
  <testcase name="CreateworkingHours" time="0.000" classname="CBLwebAutomation.CBLTest">
    <skipped/>
  </testcase> <!-- CreateworkingHours -->
  <testcase name="UpdateworkingHours" time="0.000" classname="CBLwebAutomation.CBLTest">
    <skipped/>
  </testcase> <!-- UpdateworkingHours -->
  <testcase name="DeleteworkingHours" time="0.000" classname="CBLwebAutomation.CBLTest">
    <skipped/>
  </testcase> <!-- DeleteworkingHours -->
  <testcase name="PaymentMethod" time="0.000" classname="CBLwebAutomation.CBLTest">
    <skipped/>
  </testcase> <!-- PaymentMethod -->
  <testcase name="PaymentMethodUpdate" time="0.000" classname="CBLwebAutomation.CBLTest">
    <skipped/>
  </testcase> <!-- PaymentMethodUpdate -->
  <testcase name="PaymentMethodDelete" time="0.000" classname="CBLwebAutomation.CBLTest">
    <skipped/>
  </testcase> <!-- PaymentMethodDelete -->
</testsuite> <!-- CBLwebAutomation.CBLTest -->
